It's della-gpu
Requester: ln1144
Node: della-r2c4n3
Start time: Thu Dec 8 13:59:26 EST 2022
scripts/tfspkl_main.py --project-id tfs --subject 625
Git Commit Hash: 2fa1ef1
Start Time: Thursday 12/08/2022 13:59:39
01 NY625_418-419_Part1_conversation1 247460 368 247456 368 7733
02 NY625_418-419_Part1_conversation2 69077 430 69056 430 2158
03 NY625_418-419_Part1_conversation4 192201 349 192192 349 6006
04 NY625_418-419_Part1_conversation5 141281 161 141280 161 4415
05 NY625_418_Part3_conversation1 1802762 6743 1802752 6743 56336
06 NY625_418_Part3_conversation2 1076906 3158 1076896 3158 33653
07 NY625_418_Part4_conversation1 1898488 3667 1898464 3667 59327
08 NY625_418_Part4_conversation2 235275 1227 235264 1227 7352
09 NY625_418_Part5_two_conversation1 74184 81 74176 81 2318
10 NY625_418_Part6_conversation1 1784503 5057 1784480 5057 55765
11 NY625_418_Part6_conversation2 2247150 6432 2247136 6432 70223
12 NY625_418_Part7_conversation3 335395 680 335392 680 10481
13 NY625_418_Part7_conversation5 1256481 4218 1256480 4218 39265
14 NY625_418_Part7_conversation6 251960 760 251936 760 7873
15 NY625_418_Part7_conversation7 402306 1528 402304 1528 12572
16 NY625_419_Part3_conversation2 370131 937 370112 937 11566
17 NY625_419_Part3_conversation3 311378 211 311360 211 9730
18 NY625_419_Part3_conversation5 59321 300 59296 300 1853
19 NY625_419_Part3_conversation6 166069 192 166048 192 5189
20 NY625_419_Part3_conversation7 1125000 3105 1124992 3105 35156
21 NY625_419_Part4_conversation1 24606 71 24576 71 768
22 NY625_419_Part4_conversation2 92658 261 92640 261 2895
23 NY625_419_Part4_conversation3 190802 669 190784 669 5962
24 NY625_419_Part4_conversation4 94503 64 94496 64 2953
25 NY625_419_Part4_conversation5 147803 178 147776 178 4618
26 NY625_419_Part4_conversation7 744322 2793 744320 2793 23260
27 NY625_419_Part4_conversation8 483625 1433 483616 1433 15113
28 NY625_420_Part4_conversation8 854162 1277 854144 1277 26692
29 NY625_420_Part5_conversation1 552628 1127 552608 1127 17269
30 NY625_420_Part5_conversation2 1881998 5966 1881984 5966 58812
31 NY625_420_Part6_conversation1 560786 955 560768 955 17524
32 NY625_420_Part6_conversation2 178617 893 178592 893 5581
33 NY625_420_Part6_conversation3 95766 459 95744 459 2992
34 NY625_420_Part6_conversation4 228690 409 228672 409 7146
35 NY625_420_Part6_conversation5 360569 971 360544 971 11267
36 NY625_420_Part6_conversation7 78637 274 78624 274 2457
37 NY625_420_Part7_one_conversation1 436603 163 436576 163 13643
38 NY625_421_Part2_conversation2 576676 278 576672 278 18021
39 NY625_421_Part3_conversation2 385945 1344 385920 1344 12060
40 NY625_421_Part3_conversation4 31152 91 31136 91 973
41 NY625_421_Part3_conversation5 160709 645 160704 645 5022
42 NY625_421_Part3_conversation6 109982 391 109952 391 3436
43 NY625_421_Part3_conversation7 331545 559 331520 559 10360
44 NY625_421_Part3_conversation9 593079 2467 593056 2467 18533
45 NY625_421_Part4_one_conversation2 1350253 2149 1350240 2149 42195
46 NY625_421_Part4_one_conversation3 272830 143 272800 143 8525
47 NY625_421_Part4_two_conversation3 218234 675 218208 675 6819
48 NY625_421_Part6_conversation1 1461892 3574 1461888 3574 45684
49 NY625_421_Part6_conversation2 96202 156 96192 156 3006
50 NY625_421_Part6_conversation3 1779023 4111 1779008 4111 55594
51 NY625_421_Part6_conversation4 1660489 4074 1660480 4074 51890
52 NY625_424_Part2_one_conversation1 433083 778 433056 778 13533
53 NY625_424_Part2_two_conversation1 405084 398 405056 398 12658
54 NY625_424_Part2_two_conversation2 76063 252 76032 252 2376
SUCCESS: Trimmed Labels Pickle
SUCCESS: Full Labels Pickle
End Time: Thursday 12/08/2022 14:08:11
Total runtime: 0:08:32.173432 (HH:MM:SS)
End time: Thu Dec 8 14:08:12 EST 2022
